# JRE version: OpenJDK Runtime Environment (17.0.6) (build 17.0.6+0-b2043.56-10027231)
# Java VM: OpenJDK 64-Bit Server VM (17.0.6+0-b2043.56-10027231, mixed mode, tiered, compressed oops, compressed class ptrs, g1 gc, windows-amd64)
GC Precious Log:
 CPUs: 12 total, 12 available
 Memory: 8042M
 Large Page Support: Disabled
 NUMA Support: Disabled
 Compressed Oops: Enabled (Zero based)
 Heap Region Size: 2M
 Heap Min Capacity: 8M
 Heap Initial Capacity: 126M
 Heap Max Capacity: 4G
 Pre-touch: Disabled
 Parallel Workers: 10
 Concurrent Workers: 3
 Concurrent Refinement Workers: 10
 Periodic GC: Disabled
Heap:
 garbage-first heap   total 335872K, used 213238K [0x0000000700000000, 0x0000000800000000)
  region size 2048K, 40 young (81920K), 4 survivors (8192K)
 Metaspace       used 104408K, committed 105408K, reserved 1146880K
  class space    used 14523K, committed 14976K, reserved 1048576K
GC Heap History (20 events):
Event: 14.833 GC heap before
{Heap before GC invocations=44 (full 0):
 garbage-first heap   total 163840K, used 132088K [0x0000000700000000, 0x0000000800000000)
  region size 2048K, 22 young (45056K), 2 survivors (4096K)
 Metaspace       used 90888K, committed 91712K, reserved 1130496K
  class space    used 12613K, committed 12992K, reserved 1048576K
}
Event: 14.837 GC heap after
{Heap after GC invocations=45 (full 0):
 garbage-first heap   total 163840K, used 94171K [0x0000000700000000, 0x0000000800000000)
  region size 2048K, 3 young (6144K), 3 survivors (6144K)
 Metaspace       used 90888K, committed 91712K, reserved 1130496K
  class space    used 12613K, committed 12992K, reserved 1048576K
}
Event: 15.316 GC heap before
{Heap before GC invocations=45 (full 0):
 garbage-first heap   total 163840K, used 135131K [0x0000000700000000, 0x0000000800000000)
  region size 2048K, 23 young (47104K), 3 survivors (6144K)
 Metaspace       used 92348K, committed 93120K, reserved 1130496K
  class space    used 12811K, committed 13184K, reserved 1048576K
}
Event: 15.322 GC heap after
{Heap after GC invocations=46 (full 0):
 garbage-first heap   total 196608K, used 98067K [0x0000000700000000, 0x0000000800000000)
  region size 2048K, 2 young (4096K), 2 survivors (4096K)
 Metaspace       used 92348K, committed 93120K, reserved 1130496K
  class space    used 12811K, committed 13184K, reserved 1048576K
}
Event: 16.480 GC heap before
{Heap before GC invocations=47 (full 0):
 garbage-first heap   total 196608K, used 157459K [0x0000000700000000, 0x0000000800000000)
  region size 2048K, 32 young (65536K), 2 survivors (4096K)
 Metaspace       used 93901K, committed 94784K, reserved 1130496K
  class space    used 13052K, committed 13440K, reserved 1048576K
}
Event: 16.489 GC heap after
{Heap after GC invocations=48 (full 0):
 garbage-first heap   total 196608K, used 113334K [0x0000000700000000, 0x0000000800000000)
  region size 2048K, 4 young (8192K), 4 survivors (8192K)
 Metaspace       used 93901K, committed 94784K, reserved 1130496K
  class space    used 13052K, committed 13440K, reserved 1048576K
}
Event: 18.122 GC heap before
{Heap before GC invocations=48 (full 0):
 garbage-first heap   total 196608K, used 154294K [0x0000000700000000, 0x0000000800000000)
  region size 2048K, 25 young (51200K), 4 survivors (8192K)
 Metaspace       used 94502K, committed 95424K, reserved 1138688K
  class space    used 13115K, committed 13504K, reserved 1048576K
}
Event: 18.131 GC heap after
{Heap after GC invocations=49 (full 0):
 garbage-first heap   total 196608K, used 121648K [0x0000000700000000, 0x0000000800000000)
  region size 2048K, 4 young (8192K), 4 survivors (8192K)
 Metaspace       used 94502K, committed 95424K, reserved 1138688K
  class space    used 13115K, committed 13504K, reserved 1048576K
}
Event: 18.672 GC heap before
{Heap before GC invocations=50 (full 0):
 garbage-first heap   total 219136K, used 156464K [0x0000000700000000, 0x0000000800000000)
  region size 2048K, 21 young (43008K), 4 survivors (8192K)
 Metaspace       used 95026K, committed 95936K, reserved 1138688K
  class space    used 13177K, committed 13568K, reserved 1048576K
}
Event: 18.680 GC heap after
{Heap after GC invocations=51 (full 0):
 garbage-first heap   total 219136K, used 128029K [0x0000000700000000, 0x0000000800000000)
  region size 2048K, 3 young (6144K), 3 survivors (6144K)
 Metaspace       used 95026K, committed 95936K, reserved 1138688K
  class space    used 13177K, committed 13568K, reserved 1048576K
}
Event: 18.732 GC heap before
{Heap before GC invocations=51 (full 0):
 garbage-first heap   total 219136K, used 132125K [0x0000000700000000, 0x0000000800000000)
  region size 2048K, 5 young (10240K), 3 survivors (6144K)
 Metaspace       used 95041K, committed 95936K, reserved 1138688K
  class space    used 13177K, committed 13568K, reserved 1048576K
}
Event: 18.737 GC heap after
{Heap after GC invocations=52 (full 0):
 garbage-first heap   total 219136K, used 129314K [0x0000000700000000, 0x0000000800000000)
  region size 2048K, 1 young (2048K), 1 survivors (2048K)
 Metaspace       used 95041K, committed 95936K, reserved 1138688K
  class space    used 13177K, committed 13568K, reserved 1048576K
}
Event: 19.290 GC heap before
{Heap before GC invocations=52 (full 0):
 garbage-first heap   total 219136K, used 174370K [0x0000000700000000, 0x0000000800000000)
  region size 2048K, 23 young (47104K), 1 survivors (2048K)
 Metaspace       used 98140K, committed 99072K, reserved 1138688K
  class space    used 13681K, committed 14080K, reserved 1048576K
}
Event: 19.295 GC heap after
{Heap after GC invocations=53 (full 0):
 garbage-first heap   total 219136K, used 132148K [0x0000000700000000, 0x0000000800000000)
  region size 2048K, 3 young (6144K), 3 survivors (6144K)
 Metaspace       used 98140K, committed 99072K, reserved 1138688K
  class space    used 13681K, committed 14080K, reserved 1048576K
}
Event: 20.260 GC heap before
{Heap before GC invocations=54 (full 0):
 garbage-first heap   total 233472K, used 173108K [0x0000000700000000, 0x0000000800000000)
  region size 2048K, 23 young (47104K), 3 survivors (6144K)
 Metaspace       used 101585K, committed 102528K, reserved 1138688K
  class space    used 14110K, committed 14528K, reserved 1048576K
}
Event: 20.271 GC heap after
{Heap after GC invocations=55 (full 0):
 garbage-first heap   total 233472K, used 136372K [0x0000000700000000, 0x0000000800000000)
  region size 2048K, 3 young (6144K), 3 survivors (6144K)
 Metaspace       used 101585K, committed 102528K, reserved 1138688K
  class space    used 14110K, committed 14528K, reserved 1048576K
}
Event: 20.348 GC heap before
{Heap before GC invocations=55 (full 0):
 garbage-first heap   total 233472K, used 140468K [0x0000000700000000, 0x0000000800000000)
  region size 2048K, 5 young (10240K), 3 survivors (6144K)
 Metaspace       used 101855K, committed 102848K, reserved 1138688K
  class space    used 14157K, committed 14592K, reserved 1048576K
}
Event: 20.352 GC heap after
{Heap after GC invocations=56 (full 0):
 garbage-first heap   total 233472K, used 136411K [0x0000000700000000, 0x0000000800000000)
  region size 2048K, 1 young (2048K), 1 survivors (2048K)
 Metaspace       used 101855K, committed 102848K, reserved 1138688K
  class space    used 14157K, committed 14592K, reserved 1048576K
}
Event: 21.186 GC heap before
{Heap before GC invocations=56 (full 0):
 garbage-first heap   total 233472K, used 183515K [0x0000000700000000, 0x0000000800000000)
  region size 2048K, 25 young (51200K), 1 survivors (2048K)
 Metaspace       used 103235K, committed 104256K, reserved 1138688K
  class space    used 14343K, committed 14784K, reserved 1048576K
}
Event: 21.193 GC heap after
{Heap after GC invocations=57 (full 0):
 garbage-first heap   total 335872K, used 143606K [0x0000000700000000, 0x0000000800000000)
  region size 2048K, 4 young (8192K), 4 survivors (8192K)
 Metaspace       used 103235K, committed 104256K, reserved 1138688K
  class space    used 14343K, committed 14784K, reserved 1048576K
}

