# JRE version: OpenJDK Runtime Environment (17.0.6) (build 17.0.6+0-b2043.56-10027231)
# Java VM: OpenJDK 64-Bit Server VM (17.0.6+0-b2043.56-10027231, mixed mode, tiered, compressed oops, compressed class ptrs, g1 gc, windows-amd64)
GC Precious Log:
 CPUs: 12 total, 12 available
 Memory: 8042M
 Large Page Support: Disabled
 NUMA Support: Disabled
 Compressed Oops: Enabled (Zero based)
 Heap Region Size: 2M
 Heap Min Capacity: 8M
 Heap Initial Capacity: 126M
 Heap Max Capacity: 4G
 Pre-touch: Disabled
 Parallel Workers: 10
 Concurrent Workers: 3
 Concurrent Refinement Workers: 10
 Periodic GC: Disabled
Heap:
 garbage-first heap   total 462848K, used 249827K [0x0000000700000000, 0x0000000800000000)
  region size 2048K, 29 young (59392K), 4 survivors (8192K)
 Metaspace       used 144280K, committed 145472K, reserved 1179648K
  class space    used 19372K, committed 19904K, reserved 1048576K
GC Heap History (20 events):
Event: 110.134 GC heap before
{Heap before GC invocations=54 (full 0):
 garbage-first heap   total 352256K, used 279783K [0x0000000700000000, 0x0000000800000000)
  region size 2048K, 71 young (145408K), 10 survivors (20480K)
 Metaspace       used 117901K, committed 118912K, reserved 1155072K
  class space    used 16141K, committed 16576K, reserved 1048576K
}
Event: 110.152 GC heap after
{Heap after GC invocations=55 (full 0):
 garbage-first heap   total 352256K, used 169331K [0x0000000700000000, 0x0000000800000000)
  region size 2048K, 8 young (16384K), 8 survivors (16384K)
 Metaspace       used 117901K, committed 118912K, reserved 1155072K
  class space    used 16141K, committed 16576K, reserved 1048576K
}
Event: 111.067 GC heap before
{Heap before GC invocations=55 (full 0):
 garbage-first heap   total 352256K, used 281971K [0x0000000700000000, 0x0000000800000000)
  region size 2048K, 63 young (129024K), 8 survivors (16384K)
 Metaspace       used 124920K, committed 126016K, reserved 1163264K
  class space    used 17056K, committed 17536K, reserved 1048576K
}
Event: 111.082 GC heap after
{Heap after GC invocations=56 (full 0):
 garbage-first heap   total 352256K, used 181190K [0x0000000700000000, 0x0000000800000000)
  region size 2048K, 6 young (12288K), 6 survivors (12288K)
 Metaspace       used 124920K, committed 126016K, reserved 1163264K
  class space    used 17056K, committed 17536K, reserved 1048576K
}
Event: 111.563 GC heap before
{Heap before GC invocations=56 (full 0):
 garbage-first heap   total 352256K, used 230342K [0x0000000700000000, 0x0000000800000000)
  region size 2048K, 31 young (63488K), 6 survivors (12288K)
 Metaspace       used 126526K, committed 127744K, reserved 1163264K
  class space    used 17256K, committed 17792K, reserved 1048576K
}
Event: 111.575 GC heap after
{Heap after GC invocations=57 (full 0):
 garbage-first heap   total 352256K, used 186782K [0x0000000700000000, 0x0000000800000000)
  region size 2048K, 3 young (6144K), 3 survivors (6144K)
 Metaspace       used 126526K, committed 127744K, reserved 1163264K
  class space    used 17256K, committed 17792K, reserved 1048576K
}
Event: 113.443 GC heap before
{Heap before GC invocations=58 (full 0):
 garbage-first heap   total 352256K, used 289182K [0x0000000700000000, 0x0000000800000000)
  region size 2048K, 52 young (106496K), 3 survivors (6144K)
 Metaspace       used 136376K, committed 137536K, reserved 1171456K
  class space    used 18454K, committed 19008K, reserved 1048576K
}
Event: 113.451 GC heap after
{Heap after GC invocations=59 (full 0):
 garbage-first heap   total 352256K, used 192168K [0x0000000700000000, 0x0000000800000000)
  region size 2048K, 5 young (10240K), 5 survivors (10240K)
 Metaspace       used 136376K, committed 137536K, reserved 1171456K
  class space    used 18454K, committed 19008K, reserved 1048576K
}
Event: 113.515 GC heap before
{Heap before GC invocations=59 (full 0):
 garbage-first heap   total 352256K, used 198312K [0x0000000700000000, 0x0000000800000000)
  region size 2048K, 8 young (16384K), 5 survivors (10240K)
 Metaspace       used 136580K, committed 137728K, reserved 1171456K
  class space    used 18480K, committed 19008K, reserved 1048576K
}
Event: 113.523 GC heap after
{Heap after GC invocations=60 (full 0):
 garbage-first heap   total 352256K, used 190164K [0x0000000700000000, 0x0000000800000000)
  region size 2048K, 1 young (2048K), 1 survivors (2048K)
 Metaspace       used 136580K, committed 137728K, reserved 1171456K
  class space    used 18480K, committed 19008K, reserved 1048576K
}
Event: 114.666 GC heap before
{Heap before GC invocations=60 (full 0):
 garbage-first heap   total 352256K, used 294612K [0x0000000700000000, 0x0000000800000000)
  region size 2048K, 49 young (100352K), 1 survivors (2048K)
 Metaspace       used 137688K, committed 138816K, reserved 1171456K
  class space    used 18534K, committed 19072K, reserved 1048576K
}
Event: 114.672 GC heap after
{Heap after GC invocations=61 (full 0):
 garbage-first heap   total 462848K, used 196734K [0x0000000700000000, 0x0000000800000000)
  region size 2048K, 3 young (6144K), 3 survivors (6144K)
 Metaspace       used 137688K, committed 138816K, reserved 1171456K
  class space    used 18534K, committed 19072K, reserved 1048576K
}
Event: 119.817 GC heap before
{Heap before GC invocations=62 (full 0):
 garbage-first heap   total 462848K, used 372862K [0x0000000700000000, 0x0000000800000000)
  region size 2048K, 89 young (182272K), 3 survivors (6144K)
 Metaspace       used 138985K, committed 140096K, reserved 1171456K
  class space    used 18624K, committed 19136K, reserved 1048576K
}
Event: 119.824 GC heap after
{Heap after GC invocations=63 (full 0):
 garbage-first heap   total 462848K, used 197997K [0x0000000700000000, 0x0000000800000000)
  region size 2048K, 4 young (8192K), 4 survivors (8192K)
 Metaspace       used 138985K, committed 140096K, reserved 1171456K
  class space    used 18624K, committed 19136K, reserved 1048576K
}
Event: 119.872 GC heap before
{Heap before GC invocations=63 (full 0):
 garbage-first heap   total 462848K, used 210285K [0x0000000700000000, 0x0000000800000000)
  region size 2048K, 11 young (22528K), 4 survivors (8192K)
 Metaspace       used 138988K, committed 140096K, reserved 1171456K
  class space    used 18624K, committed 19136K, reserved 1048576K
}
Event: 119.878 GC heap after
{Heap after GC invocations=64 (full 0):
 garbage-first heap   total 462848K, used 193942K [0x0000000700000000, 0x0000000800000000)
  region size 2048K, 1 young (2048K), 1 survivors (2048K)
 Metaspace       used 138988K, committed 140096K, reserved 1171456K
  class space    used 18624K, committed 19136K, reserved 1048576K
}
Event: 120.433 GC heap before
{Heap before GC invocations=64 (full 0):
 garbage-first heap   total 462848K, used 380310K [0x0000000700000000, 0x0000000800000000)
  region size 2048K, 92 young (188416K), 1 survivors (2048K)
 Metaspace       used 138988K, committed 140096K, reserved 1171456K
  class space    used 18624K, committed 19136K, reserved 1048576K
}
Event: 120.435 GC heap after
{Heap after GC invocations=65 (full 0):
 garbage-first heap   total 462848K, used 195564K [0x0000000700000000, 0x0000000800000000)
  region size 2048K, 2 young (4096K), 2 survivors (4096K)
 Metaspace       used 138988K, committed 140096K, reserved 1171456K
  class space    used 18624K, committed 19136K, reserved 1048576K
}
Event: 121.324 GC heap before
{Heap before GC invocations=65 (full 0):
 garbage-first heap   total 462848K, used 383980K [0x0000000700000000, 0x0000000800000000)
  region size 2048K, 94 young (192512K), 2 survivors (4096K)
 Metaspace       used 142475K, committed 143680K, reserved 1179648K
  class space    used 19100K, committed 19648K, reserved 1048576K
}
Event: 121.330 GC heap after
{Heap after GC invocations=66 (full 0):
 garbage-first heap   total 462848K, used 200675K [0x0000000700000000, 0x0000000800000000)
  region size 2048K, 4 young (8192K), 4 survivors (8192K)
 Metaspace       used 142475K, committed 143680K, reserved 1179648K
  class space    used 19100K, committed 19648K, reserved 1048576K
}

